Release 14.7 - xst P.20131013 (nt64)
Copyright (c) 1995-2013 Xilinx, Inc.  All rights reserved.
--> Parameter TMPDIR set to xst/projnav.tmp


Total REAL time to Xst completion: 1.00 secs
Total CPU time to Xst completion: 0.16 secs
 
--> Parameter xsthdpdir set to xst


Total REAL time to Xst completion: 1.00 secs
Total CPU time to Xst completion: 0.16 secs
 
--> Reading design: key4_dbnc.prj

TABLE OF CONTENTS
  1) Synthesis Options Summary
  2) HDL Compilation
  3) Design Hierarchy Analysis
  4) HDL Analysis
  5) HDL Synthesis
     5.1) HDL Synthesis Report
  6) Advanced HDL Synthesis
     6.1) Advanced HDL Synthesis Report
  7) Low Level Synthesis
  8) Partition Report
  9) Final Report
	9.1) Device utilization summary
	9.2) Partition Resource Summary
	9.3) TIMING REPORT


=========================================================================
*                      Synthesis Options Summary                        *
=========================================================================
---- Source Parameters
Input File Name                    : "key4_dbnc.prj"
Input Format                       : mixed
Ignore Synthesis Constraint File   : NO

---- Target Parameters
Output File Name                   : "key4_dbnc"
Output Format                      : NGC
Target Device                      : xc3s100e-4-cp132

---- Source Options
Top Module Name                    : key4_dbnc
Automatic FSM Extraction           : YES
FSM Encoding Algorithm             : Auto
Safe Implementation                : No
FSM Style                          : LUT
RAM Extraction                     : Yes
RAM Style                          : Auto
ROM Extraction                     : Yes
Mux Style                          : Auto
Decoder Extraction                 : YES
Priority Encoder Extraction        : Yes
Shift Register Extraction          : YES
Logical Shifter Extraction         : YES
XOR Collapsing                     : YES
ROM Style                          : Auto
Mux Extraction                     : Yes
Resource Sharing                   : YES
Asynchronous To Synchronous        : NO
Multiplier Style                   : Auto
Automatic Register Balancing       : No

---- Target Options
Add IO Buffers                     : YES
Global Maximum Fanout              : 100000
Add Generic Clock Buffer(BUFG)     : 24
Register Duplication               : YES
Slice Packing                      : YES
Optimize Instantiated Primitives   : NO
Use Clock Enable                   : Yes
Use Synchronous Set                : Yes
Use Synchronous Reset              : Yes
Pack IO Registers into IOBs        : Auto
Equivalent register Removal        : YES

---- General Options
Optimization Goal                  : Speed
Optimization Effort                : 1
Keep Hierarchy                     : No
Netlist Hierarchy                  : As_Optimized
RTL Output                         : Yes
Global Optimization                : AllClockNets
Read Cores                         : YES
Write Timing Constraints           : NO
Cross Clock Analysis               : NO
Hierarchy Separator                : /
Bus Delimiter                      : <>
Case Specifier                     : Maintain
Slice Utilization Ratio            : 100
BRAM Utilization Ratio             : 100
Verilog 2001                       : YES
Auto BRAM Packing                  : NO
Slice Utilization Ratio Delta      : 5

=========================================================================


=========================================================================
*                          HDL Compilation                              *
=========================================================================
Compiling vhdl file "C:/Users/new/Desktop/Phys301/WarmFeeling/debounce.vhd" in Library work.
Entity <switch_debounce> compiled.
Entity <switch_debounce> (Architecture <Behavioral>) compiled.
Compiling vhdl file "C:/Users/new/Desktop/Phys301/WarmFeeling/key4_dbnc.vhd" in Library work.
Entity <key4_dbnc> compiled.
Entity <key4_dbnc> (Architecture <Behavioral>) compiled.

=========================================================================
*                     Design Hierarchy Analysis                         *
=========================================================================
Analyzing hierarchy for entity <key4_dbnc> in library <work> (architecture <Behavioral>) with generics.
	lockperiod = 1000

Analyzing hierarchy for entity <switch_debounce> in library <work> (architecture <Behavioral>).


=========================================================================
*                            HDL Analysis                               *
=========================================================================
Analyzing generic Entity <key4_dbnc> in library <work> (Architecture <Behavioral>).
	lockperiod = 1000
Entity <key4_dbnc> analyzed. Unit <key4_dbnc> generated.

Analyzing Entity <switch_debounce> in library <work> (Architecture <Behavioral>).
Entity <switch_debounce> analyzed. Unit <switch_debounce> generated.


=========================================================================
*                           HDL Synthesis                               *
=========================================================================

Performing bidirectional port resolution...

Synthesizing Unit <switch_debounce>.
    Related source file is "C:/Users/new/Desktop/Phys301/WarmFeeling/debounce.vhd".
    Found 1-bit register for signal <sw_out>.
    Found 32-bit register for signal <cnt>.
    Found 32-bit comparator greater for signal <cnt$cmp_gt0000> created at line 117.
    Found 1-bit xor2 for signal <cnt$cmp_ne0000> created at line 110.
    Found 32-bit 4-to-1 multiplexer for signal <cnt$mux0000>.
    Found 32-bit subtractor for signal <cnt$sub0000> created at line 118.
    Found 1-bit register for signal <lockout>.
    Found 32-bit comparator lessequal for signal <lockout$cmp_le0000> created at line 117.
    Found 1-bit register for signal <sw_s>.
    Summary:
	inferred  35 D-type flip-flop(s).
	inferred   1 Adder/Subtractor(s).
	inferred   2 Comparator(s).
	inferred  32 Multiplexer(s).
Unit <switch_debounce> synthesized.


Synthesizing Unit <key4_dbnc>.
    Related source file is "C:/Users/new/Desktop/Phys301/WarmFeeling/key4_dbnc.vhd".
Unit <key4_dbnc> synthesized.


=========================================================================
HDL Synthesis Report

Macro Statistics
# Adders/Subtractors                                   : 4
 32-bit subtractor                                     : 4
# Registers                                            : 16
 1-bit register                                        : 12
 32-bit register                                       : 4
# Comparators                                          : 8
 32-bit comparator greater                             : 4
 32-bit comparator lessequal                           : 4
# Multiplexers                                         : 4
 32-bit 4-to-1 multiplexer                             : 4
# Xors                                                 : 4
 1-bit xor2                                            : 4

=========================================================================

=========================================================================
*                       Advanced HDL Synthesis                          *
=========================================================================


=========================================================================
Advanced HDL Synthesis Report

Macro Statistics
# Adders/Subtractors                                   : 4
 32-bit subtractor                                     : 4
# Registers                                            : 140
 Flip-Flops                                            : 140
# Comparators                                          : 8
 32-bit comparator greater                             : 4
 32-bit comparator lessequal                           : 4
# Multiplexers                                         : 4
 32-bit 4-to-1 multiplexer                             : 4
# Xors                                                 : 4
 1-bit xor2                                            : 4

=========================================================================

=========================================================================
*                         Low Level Synthesis                           *
=========================================================================

Optimizing unit <key4_dbnc> ...

Optimizing unit <switch_debounce> ...

Mapping all equations...
Building and optimizing final netlist ...
Found area constraint ratio of 100 (+ 5) on block key4_dbnc, actual ratio is 32.
FlipFlop DB1/lockout has been replicated 2 time(s)
FlipFlop DB1/sw_s has been replicated 1 time(s)
FlipFlop DB2/lockout has been replicated 2 time(s)
FlipFlop DB2/sw_s has been replicated 1 time(s)
FlipFlop DB3/lockout has been replicated 2 time(s)
FlipFlop DB3/sw_s has been replicated 1 time(s)
FlipFlop DB4/lockout has been replicated 2 time(s)
FlipFlop DB4/sw_s has been replicated 1 time(s)

Final Macro Processing ...

=========================================================================
Final Register Report

Macro Statistics
# Registers                                            : 152
 Flip-Flops                                            : 152

=========================================================================

=========================================================================
*                           Partition Report                            *
=========================================================================

Partition Implementation Status
-------------------------------

  No Partitions were found in this design.

-------------------------------

=========================================================================
*                            Final Report                               *
=========================================================================
Final Results
RTL Top Level Output File Name     : key4_dbnc.ngr
Top Level Output File Name         : key4_dbnc
Output Format                      : NGC
Optimization Goal                  : Speed
Keep Hierarchy                     : No

Design Statistics
# IOs                              : 9

Cell Usage :
# BELS                             : 922
#      GND                         : 1
#      INV                         : 4
#      LUT2                        : 8
#      LUT3                        : 148
#      LUT3_D                      : 4
#      LUT4                        : 280
#      LUT4_D                      : 48
#      LUT4_L                      : 76
#      MUXCY                       : 224
#      VCC                         : 1
#      XORCY                       : 128
# FlipFlops/Latches                : 152
#      FD                          : 132
#      FDE                         : 20
# Clock Buffers                    : 1
#      BUFGP                       : 1
# IO Buffers                       : 8
#      IBUF                        : 4
#      OBUF                        : 4
=========================================================================

Device utilization summary:
---------------------------

Selected Device : 3s100ecp132-4 

 Number of Slices:                      326  out of    960    33%  
 Number of Slice Flip Flops:            152  out of   1920     7%  
 Number of 4 input LUTs:                568  out of   1920    29%  
 Number of IOs:                           9
 Number of bonded IOBs:                   9  out of     83    10%  
 Number of GCLKs:                         1  out of     24     4%  

---------------------------
Partition Resource Summary:
---------------------------

  No Partitions were found in this design.

---------------------------


=========================================================================
TIMING REPORT

NOTE: THESE TIMING NUMBERS ARE ONLY A SYNTHESIS ESTIMATE.
      FOR ACCURATE TIMING INFORMATION PLEASE REFER TO THE TRACE REPORT
      GENERATED AFTER PLACE-and-ROUTE.

Clock Information:
------------------
-----------------------------------+------------------------+-------+
Clock Signal                       | Clock buffer(FF name)  | Load  |
-----------------------------------+------------------------+-------+
clk                                | BUFGP                  | 152   |
-----------------------------------+------------------------+-------+

Asynchronous Control Signals Information:
----------------------------------------
No asynchronous control signals found in this design

Timing Summary:
---------------
Speed Grade: -4

   Minimum period: 11.228ns (Maximum Frequency: 89.062MHz)
   Minimum input arrival time before clock: 12.188ns
   Maximum output required time after clock: 4.283ns
   Maximum combinational path delay: No path found

Timing Detail:
--------------
All values displayed in nanoseconds (ns)

=========================================================================
Timing constraint: Default period analysis for Clock 'clk'
  Clock period: 11.228ns (frequency: 89.062MHz)
  Total number of paths / destination ports: 88408 / 164
-------------------------------------------------------------------------
Delay:               11.228ns (Levels of Logic = 22)
  Source:            DB4/cnt_1 (FF)
  Destination:       DB4/sw_s (FF)
  Source Clock:      clk rising
  Destination Clock: clk rising

  Data Path: DB4/cnt_1 to DB4/sw_s
                                Gate     Net
    Cell:in->out      fanout   Delay   Delay  Logical Name (Net Name)
    ----------------------------------------  ------------
     FD:C->Q               3   0.591   0.706  DB4/cnt_1 (DB4/cnt_1)
     LUT4:I0->O            1   0.704   0.424  DB4/Mcompar_cnt_cmp_gt0000_lut<0>_SW0 (N30)
     LUT4:I3->O            1   0.704   0.000  DB4/Mcompar_cnt_cmp_gt0000_lut<0> (DB4/Mcompar_cnt_cmp_gt0000_lut<0>)
     MUXCY:S->O            1   0.464   0.000  DB4/Mcompar_cnt_cmp_gt0000_cy<0> (DB4/Mcompar_cnt_cmp_gt0000_cy<0>)
     MUXCY:CI->O           1   0.059   0.000  DB4/Mcompar_cnt_cmp_gt0000_cy<1> (DB4/Mcompar_cnt_cmp_gt0000_cy<1>)
     MUXCY:CI->O           1   0.059   0.000  DB4/Mcompar_cnt_cmp_gt0000_cy<2> (DB4/Mcompar_cnt_cmp_gt0000_cy<2>)
     MUXCY:CI->O           1   0.059   0.000  DB4/Mcompar_cnt_cmp_gt0000_cy<3> (DB4/Mcompar_cnt_cmp_gt0000_cy<3>)
     MUXCY:CI->O           1   0.059   0.000  DB4/Mcompar_cnt_cmp_gt0000_cy<4> (DB4/Mcompar_cnt_cmp_gt0000_cy<4>)
     MUXCY:CI->O           1   0.059   0.000  DB4/Mcompar_cnt_cmp_gt0000_cy<5> (DB4/Mcompar_cnt_cmp_gt0000_cy<5>)
     MUXCY:CI->O           1   0.059   0.000  DB4/Mcompar_cnt_cmp_gt0000_cy<6> (DB4/Mcompar_cnt_cmp_gt0000_cy<6>)
     MUXCY:CI->O           1   0.059   0.000  DB4/Mcompar_cnt_cmp_gt0000_cy<7> (DB4/Mcompar_cnt_cmp_gt0000_cy<7>)
     MUXCY:CI->O          38   0.459   1.299  DB4/Mcompar_cnt_cmp_gt0000_cy<8> (DB4/Mcompar_cnt_cmp_gt0000_cy<8>)
     LUT3:I2->O            2   0.704   0.622  DB4/cnt_mux0001<0>1 (DB4/cnt_mux0001<0>)
     LUT4:I0->O            1   0.704   0.000  DB4/sw_s_cmp_eq0000_wg_lut<0> (DB4/sw_s_cmp_eq0000_wg_lut<0>)
     MUXCY:S->O            1   0.464   0.000  DB4/sw_s_cmp_eq0000_wg_cy<0> (DB4/sw_s_cmp_eq0000_wg_cy<0>)
     MUXCY:CI->O           1   0.059   0.000  DB4/sw_s_cmp_eq0000_wg_cy<1> (DB4/sw_s_cmp_eq0000_wg_cy<1>)
     MUXCY:CI->O           1   0.059   0.000  DB4/sw_s_cmp_eq0000_wg_cy<2> (DB4/sw_s_cmp_eq0000_wg_cy<2>)
     MUXCY:CI->O           1   0.059   0.000  DB4/sw_s_cmp_eq0000_wg_cy<3> (DB4/sw_s_cmp_eq0000_wg_cy<3>)
     MUXCY:CI->O           1   0.059   0.000  DB4/sw_s_cmp_eq0000_wg_cy<4> (DB4/sw_s_cmp_eq0000_wg_cy<4>)
     MUXCY:CI->O           1   0.059   0.000  DB4/sw_s_cmp_eq0000_wg_cy<5> (DB4/sw_s_cmp_eq0000_wg_cy<5>)
     MUXCY:CI->O           1   0.059   0.000  DB4/sw_s_cmp_eq0000_wg_cy<6> (DB4/sw_s_cmp_eq0000_wg_cy<6>)
     MUXCY:CI->O           2   0.459   0.451  DB4/sw_s_cmp_eq0000_wg_cy<7> (DB4/sw_s_cmp_eq0000)
     LUT4:I3->O            2   0.704   0.447  DB4/sw_s_and0000_inv1 (DB4/sw_s_and0000_inv)
     FDE:CE                    0.555          DB4/sw_s
    ----------------------------------------
    Total                     11.228ns (7.279ns logic, 3.949ns route)
                                       (64.8% logic, 35.2% route)

=========================================================================
Timing constraint: Default OFFSET IN BEFORE for Clock 'clk'
  Total number of paths / destination ports: 26112 / 172
-------------------------------------------------------------------------
Offset:              12.188ns (Levels of Logic = 16)
  Source:            swI<0> (PAD)
  Destination:       DB4/sw_s (FF)
  Destination Clock: clk rising

  Data Path: swI<0> to DB4/sw_s
                                Gate     Net
    Cell:in->out      fanout   Delay   Delay  Logical Name (Net Name)
    ----------------------------------------  ------------
     IBUF:I->O            77   1.218   1.451  swI_0_IBUF (swI_0_IBUF)
     LUT3_D:I0->O          1   0.704   0.424  DB4/lockout_or00001 (DB4/lockout_or0000)
     LUT4:I3->O            1   0.704   0.000  DB4/Mcompar_cnt_cmp_gt0000_lut<7> (DB4/Mcompar_cnt_cmp_gt0000_lut<7>)
     MUXCY:S->O            1   0.464   0.000  DB4/Mcompar_cnt_cmp_gt0000_cy<7> (DB4/Mcompar_cnt_cmp_gt0000_cy<7>)
     MUXCY:CI->O          38   0.459   1.299  DB4/Mcompar_cnt_cmp_gt0000_cy<8> (DB4/Mcompar_cnt_cmp_gt0000_cy<8>)
     LUT3:I2->O            2   0.704   0.622  DB4/cnt_mux0001<0>1 (DB4/cnt_mux0001<0>)
     LUT4:I0->O            1   0.704   0.000  DB4/sw_s_cmp_eq0000_wg_lut<0> (DB4/sw_s_cmp_eq0000_wg_lut<0>)
     MUXCY:S->O            1   0.464   0.000  DB4/sw_s_cmp_eq0000_wg_cy<0> (DB4/sw_s_cmp_eq0000_wg_cy<0>)
     MUXCY:CI->O           1   0.059   0.000  DB4/sw_s_cmp_eq0000_wg_cy<1> (DB4/sw_s_cmp_eq0000_wg_cy<1>)
     MUXCY:CI->O           1   0.059   0.000  DB4/sw_s_cmp_eq0000_wg_cy<2> (DB4/sw_s_cmp_eq0000_wg_cy<2>)
     MUXCY:CI->O           1   0.059   0.000  DB4/sw_s_cmp_eq0000_wg_cy<3> (DB4/sw_s_cmp_eq0000_wg_cy<3>)
     MUXCY:CI->O           1   0.059   0.000  DB4/sw_s_cmp_eq0000_wg_cy<4> (DB4/sw_s_cmp_eq0000_wg_cy<4>)
     MUXCY:CI->O           1   0.059   0.000  DB4/sw_s_cmp_eq0000_wg_cy<5> (DB4/sw_s_cmp_eq0000_wg_cy<5>)
     MUXCY:CI->O           1   0.059   0.000  DB4/sw_s_cmp_eq0000_wg_cy<6> (DB4/sw_s_cmp_eq0000_wg_cy<6>)
     MUXCY:CI->O           2   0.459   0.451  DB4/sw_s_cmp_eq0000_wg_cy<7> (DB4/sw_s_cmp_eq0000)
     LUT4:I3->O            2   0.704   0.447  DB4/sw_s_and0000_inv1 (DB4/sw_s_and0000_inv)
     FDE:CE                    0.555          DB4/sw_s
    ----------------------------------------
    Total                     12.188ns (7.493ns logic, 4.695ns route)
                                       (61.5% logic, 38.5% route)

=========================================================================
Timing constraint: Default OFFSET OUT AFTER for Clock 'clk'
  Total number of paths / destination ports: 4 / 4
-------------------------------------------------------------------------
Offset:              4.283ns (Levels of Logic = 1)
  Source:            DB1/sw_out (FF)
  Destination:       swO<3> (PAD)
  Source Clock:      clk rising

  Data Path: DB1/sw_out to swO<3>
                                Gate     Net
    Cell:in->out      fanout   Delay   Delay  Logical Name (Net Name)
    ----------------------------------------  ------------
     FD:C->Q               1   0.591   0.420  DB1/sw_out (DB1/sw_out)
     OBUF:I->O                 3.272          swO_3_OBUF (swO<3>)
    ----------------------------------------
    Total                      4.283ns (3.863ns logic, 0.420ns route)
                                       (90.2% logic, 9.8% route)

=========================================================================


Total REAL time to Xst completion: 9.00 secs
Total CPU time to Xst completion: 8.36 secs
 
--> 

Total memory usage is 359648 kilobytes

Number of errors   :    0 (   0 filtered)
Number of warnings :    0 (   0 filtered)
Number of infos    :    0 (   0 filtered)

